<?xml version="1.0" encoding="utf-8"?>
<CatapultTargetOutput
  GeneratedTarget="/Output/Magda/PDF/PDF.pdf"
  BuildVersion="16.2.7685.28170">
  <Files>
    <Url
      Source="Output/Magda/Temporary/PDF/PDF_6538E35D/Resources/Images/Plus.png" />
    <Url
      Source="Output/Magda/Temporary/PDF/PDF_6538E35D/Resources/Images/Minus.png" />
    <Url
      Source="Output/Magda/Temporary/PDF/PDF_6538E35D/Resources/Images/Hero-Image.png" />
    <Url
      Source="Output/Magda/Temporary/PDF/PDF_6538E35D/Resources/Images/images_solar_system/astrophotography_P3d_690x450.jpg.img.jpg" />
    <Url
      Source="Output/Magda/Temporary/PDF/PDF_6538E35D/Resources/Images/images_solar_system/jeremy-thomas-pq2DJBntZW0-unsplash-medium.jpg" />
    <Url
      Source="Output/Magda/Temporary/PDF/PDF_6538E35D/Resources/TableStyles/Alternate-Row-Color.css" />
    <Url
      Source="Output/Magda/Temporary/PDF/PDF_6538E35D/Resources/Images/images_solar_system/sk_n150750eq3-2_1.jpg" />
    <Url
      Source="Output/Magda/Temporary/PDF/PDF_6538E35D/Resources/Images/images_solar_system/astrophotography_P6_720x350.jpg.img.jpg" />
    <Url
      Source="Output/Magda/PDF/PDF.pdf" />
    <Url
      Source="Output/Magda/Temporary/PDF/PDF_6538E35D/Resources/Images/images_solar_system/Planets2013.svg.png" />
  </Files>
  <Skins />
</CatapultTargetOutput>